<?xml version="1.0" encoding="UTF-8"?>
<coverage generated="1676039384248" clover="3.2.0">
  <project timestamp="1676039384248" name="All files">
    <metrics statements="18" coveredstatements="18" conditionals="0" coveredconditionals="0" methods="3" coveredmethods="3" elements="21" coveredelements="21" complexity="0" loc="18" ncloc="18" packages="1" files="1" classes="1"/>
    <file name="createMultipleThemes.js" path="/home/sr/repos/niketa-theme/src/createMultipleThemes.js">
      <metrics statements="18" coveredstatements="18" conditionals="0" coveredconditionals="0" methods="3" coveredmethods="3"/>
      <line num="11" count="1" type="stmt"/>
      <line num="12" count="1" type="stmt"/>
      <line num="13" count="1" type="stmt"/>
      <line num="14" count="1" type="stmt"/>
      <line num="15" count="1" type="stmt"/>
      <line num="16" count="1" type="stmt"/>
      <line num="17" count="1" type="stmt"/>
      <line num="18" count="1" type="stmt"/>
      <line num="20" count="1" type="stmt"/>
      <line num="33" count="9" type="stmt"/>
      <line num="34" count="9" type="stmt"/>
      <line num="35" count="9" type="stmt"/>
      <line num="37" count="9" type="stmt"/>
      <line num="43" count="9" type="stmt"/>
      <line num="45" count="9" type="stmt"/>
      <line num="51" count="1" type="stmt"/>
      <line num="52" count="9" type="stmt"/>
      <line num="56" count="1" type="stmt"/>
    </file>
  </project>
</coverage>
