{"/home/sr/repos/niketa-theme/src/createMultipleThemes.js": {"path":"/home/sr/repos/niketa-theme/src/createMultipleThemes.js","statementMap":{"0":{"start":{"line":11,"column":4},"end":{"line":11,"column":40}},"1":{"start":{"line":12,"column":25},"end":{"line":12,"column":61}},"2":{"start":{"line":13,"column":29},"end":{"line":13,"column":69}},"3":{"start":{"line":14,"column":21},"end":{"line":14,"column":39}},"4":{"start":{"line":15,"column":30},"end":{"line":15,"column":65}},"5":{"start":{"line":16,"column":23},"end":{"line":16,"column":42}},"6":{"start":{"line":17,"column":24},"end":{"line":17,"column":50}},"7":{"start":{"line":18,"column":20},"end":{"line":18,"column":35}},"8":{"start":{"line":20,"column":17},"end":{"line":30,"column":1}},"9":{"start":{"line":33,"column":26},"end":{"line":33,"column":58}},"10":{"start":{"line":34,"column":36},"end":{"line":34,"column":65}},"11":{"start":{"line":35,"column":18},"end":{"line":35,"column":60}},"12":{"start":{"line":37,"column":20},"end":{"line":41,"column":4}},"13":{"start":{"line":43,"column":2},"end":{"line":43,"column":28}},"14":{"start":{"line":45,"column":2},"end":{"line":47,"column":3}},"15":{"start":{"line":51,"column":2},"end":{"line":53,"column":14}},"16":{"start":{"line":52,"column":4},"end":{"line":52,"column":22}},"17":{"start":{"line":56,"column":0},"end":{"line":56,"column":51}}},"fnMap":{"0":{"name":"singleRun","decl":{"start":{"line":32,"column":15},"end":{"line":32,"column":24}},"loc":{"start":{"line":32,"column":39},"end":{"line":48,"column":1}},"line":32},"1":{"name":"createMultipleThemes","decl":{"start":{"line":50,"column":15},"end":{"line":50,"column":35}},"loc":{"start":{"line":50,"column":37},"end":{"line":54,"column":1}},"line":50},"2":{"name":"(anonymous_2)","decl":{"start":{"line":51,"column":17},"end":{"line":51,"column":18}},"loc":{"start":{"line":51,"column":28},"end":{"line":53,"column":3}},"line":51}},"branchMap":{},"s":{"0":1,"1":1,"2":1,"3":1,"4":1,"5":1,"6":1,"7":1,"8":1,"9":9,"10":9,"11":9,"12":9,"13":9,"14":9,"15":1,"16":9,"17":1},"f":{"0":9,"1":1,"2":9},"b":{},"_coverageSchema":"43e27e138ebf9cfc5966b082cf9a028302ed4184","hash":"d0167dee43df9c347306c33070e75a82ade15c32"}
}
